<?xml version="1.0" encoding="UTF-8"?>
<testng-results skipped="0" failed="0" ignored="0" total="1" passed="1">
  <reporter-output>
  </reporter-output>
  <suite name="Suite" duration-ms="16" started-at="2017-09-06T11:48:55Z" finished-at="2017-09-06T11:48:55Z">
    <groups>
    </groups>
    <test name="Test" duration-ms="16" started-at="2017-09-06T11:48:55Z" finished-at="2017-09-06T11:48:55Z">
      <class name="ant">
        <test-method status="PASS" signature="display()[pri:0, instance:ant@1444d75]" name="display" duration-ms="16" started-at="2017-09-06T17:18:55Z" finished-at="2017-09-06T17:18:55Z">
          <reporter-output>
          </reporter-output>
        </test-method> <!-- display -->
      </class> <!-- ant -->
    </test> <!-- Test -->
  </suite> <!-- Suite -->
</testng-results>
