<?xml version="1.0" encoding="UTF-8"?>
<testng-results skipped="0" failed="0" ignored="0" total="2" passed="2">
  <reporter-output>
  </reporter-output>
  <suite name="Suite" duration-ms="4" started-at="2017-10-11T10:11:15Z" finished-at="2017-10-11T10:11:15Z">
    <groups>
    </groups>
    <test name="Test" duration-ms="4" started-at="2017-10-11T10:11:15Z" finished-at="2017-10-11T10:11:15Z">
      <class name="CopyOfant">
        <test-method status="PASS" signature="display()[pri:0, instance:CopyOfant@e81672]" name="display" duration-ms="0" started-at="2017-10-11T15:41:15Z" finished-at="2017-10-11T15:41:15Z">
          <reporter-output>
          </reporter-output>
        </test-method> <!-- display -->
      </class> <!-- CopyOfant -->
      <class name="ant">
        <test-method status="PASS" signature="display()[pri:0, instance:ant@80cdac]" name="display" duration-ms="0" started-at="2017-10-11T15:41:15Z" finished-at="2017-10-11T15:41:15Z">
          <reporter-output>
          </reporter-output>
        </test-method> <!-- display -->
      </class> <!-- ant -->
    </test> <!-- Test -->
  </suite> <!-- Suite -->
</testng-results>
